<?xml version="1.0" encoding="UTF-8"?>
<!-- Generated by org.testng.reporters.JUnitReportReporter -->
<testsuite hostname="RAHUL" name="com.qa.test.DemoTest" tests="1" failures="0" timestamp="17 Oct 2018 17:58:43 GMT" time="0.014" errors="0">
  <testcase name="sum" time="0.014" classname="com.qa.test.DemoTest"/>
</testsuite> <!-- com.qa.test.DemoTest -->
